<?xml version="1.0" encoding="UTF-8"?>
<testng-results ignored="0" total="1" passed="0" failed="0" skipped="1">
  <reporter-output>
  </reporter-output>
  <suite started-at="2021-09-06T12:20:13 IST" name="Default suite" finished-at="2021-09-06T12:20:15 IST" duration-ms="2020">
    <groups>
    </groups>
    <test started-at="2021-09-06T12:20:13 IST" name="Default test" finished-at="2021-09-06T12:20:15 IST" duration-ms="2020">
      <class name="org.amazon.tests.SearchTest">
        <test-method is-config="true" signature="getInitialize()[pri:0, instance:org.amazon.tests.SearchTest@121314f7]" started-at="2021-09-06T12:20:13 IST" name="getInitialize" finished-at="2021-09-06T12:20:15 IST" duration-ms="1971" status="FAIL">
          <exception class="org.openqa.selenium.SessionNotCreatedException">
            <message>
              <![CDATA[session not created: This version of ChromeDriver only supports Chrome version 91
Current browser version is 93.0.4577.63 with binary path C:\Program Files\Google\Chrome\Application\chrome.exe
Build info: version: '3.141.59', revision: 'e82be7d358', time: '2018-11-14T08:17:03'
System info: host: 'LAPTOP-34I0LF0M', ip: '172.29.96.1', os.name: 'Windows 10', os.arch: 'amd64', os.version: '10.0', java.version: '15.0.2'
Driver info: driver.version: ChromeDriver
remote stacktrace: Backtrace:
Ordinal0 [0x00AE3733+2504499]
Ordinal0 [0x00A7C401+2081793]
Ordinal0 [0x00982628+1058344]
Ordinal0 [0x009A071A+1181466]
Ordinal0 [0x0099C58C+1164684]
Ordinal0 [0x00999DC3+1154499]
Ordinal0 [0x009C9B82+1350530]
Ordinal0 [0x009C97DA+1349594]
Ordinal0 [0x009C5D4B+1334603]
Ordinal0 [0x009A22B4+1188532]
Ordinal0 [0x009A3149+1192265]
GetHandleVerifier [0x00C5FB8C+1512252]
GetHandleVerifier [0x00D0B0DF+2214031]
GetHandleVerifier [0x00B64BC3+484211]
GetHandleVerifier [0x00B63E69+480793]
Ordinal0 [0x00A8218D+2105741]
Ordinal0 [0x00A866E8+2123496]
Ordinal0 [0x00A86827+2123815]
Ordinal0 [0x00A8FB73+2161523]
BaseThreadInitThunk [0x7640FA29+25]
RtlGetAppContainerNamedObjectPath [0x77077A7E+286]
RtlGetAppContainerNamedObjectPath [0x77077A4E+238]
]]>
            </message>
            <full-stacktrace>
              <![CDATA[org.openqa.selenium.SessionNotCreatedException: session not created: This version of ChromeDriver only supports Chrome version 91
Current browser version is 93.0.4577.63 with binary path C:\Program Files\Google\Chrome\Application\chrome.exe
Build info: version: '3.141.59', revision: 'e82be7d358', time: '2018-11-14T08:17:03'
System info: host: 'LAPTOP-34I0LF0M', ip: '172.29.96.1', os.name: 'Windows 10', os.arch: 'amd64', os.version: '10.0', java.version: '15.0.2'
Driver info: driver.version: ChromeDriver
remote stacktrace: Backtrace:
Ordinal0 [0x00AE3733+2504499]
Ordinal0 [0x00A7C401+2081793]
Ordinal0 [0x00982628+1058344]
Ordinal0 [0x009A071A+1181466]
Ordinal0 [0x0099C58C+1164684]
Ordinal0 [0x00999DC3+1154499]
Ordinal0 [0x009C9B82+1350530]
Ordinal0 [0x009C97DA+1349594]
Ordinal0 [0x009C5D4B+1334603]
Ordinal0 [0x009A22B4+1188532]
Ordinal0 [0x009A3149+1192265]
GetHandleVerifier [0x00C5FB8C+1512252]
GetHandleVerifier [0x00D0B0DF+2214031]
GetHandleVerifier [0x00B64BC3+484211]
GetHandleVerifier [0x00B63E69+480793]
Ordinal0 [0x00A8218D+2105741]
Ordinal0 [0x00A866E8+2123496]
Ordinal0 [0x00A86827+2123815]
Ordinal0 [0x00A8FB73+2161523]
BaseThreadInitThunk [0x7640FA29+25]
RtlGetAppContainerNamedObjectPath [0x77077A7E+286]
RtlGetAppContainerNamedObjectPath [0x77077A4E+238]

at java.base/jdk.internal.reflect.NativeConstructorAccessorImpl.newInstance0(Native Method)
at java.base/jdk.internal.reflect.NativeConstructorAccessorImpl.newInstance(NativeConstructorAccessorImpl.java:64)
at java.base/jdk.internal.reflect.DelegatingConstructorAccessorImpl.newInstance(DelegatingConstructorAccessorImpl.java:45)
at java.base/java.lang.reflect.Constructor.newInstanceWithCaller(Constructor.java:500)
at java.base/java.lang.reflect.Constructor.newInstance(Constructor.java:481)
at org.openqa.selenium.remote.W3CHandshakeResponse.lambda$errorHandler$0(W3CHandshakeResponse.java:62)
at org.openqa.selenium.remote.HandshakeResponse.lambda$getResponseFunction$0(HandshakeResponse.java:30)
at org.openqa.selenium.remote.ProtocolHandshake.lambda$createSession$0(ProtocolHandshake.java:126)
at java.base/java.util.stream.ReferencePipeline$3$1.accept(ReferencePipeline.java:195)
at java.base/java.util.Spliterators$ArraySpliterator.tryAdvance(Spliterators.java:958)
at java.base/java.util.stream.ReferencePipeline.forEachWithCancel(ReferencePipeline.java:127)
at java.base/java.util.stream.AbstractPipeline.copyIntoWithCancel(AbstractPipeline.java:502)
at java.base/java.util.stream.AbstractPipeline.copyInto(AbstractPipeline.java:488)
at java.base/java.util.stream.AbstractPipeline.wrapAndCopyInto(AbstractPipeline.java:474)
at java.base/java.util.stream.FindOps$FindOp.evaluateSequential(FindOps.java:150)
at java.base/java.util.stream.AbstractPipeline.evaluate(AbstractPipeline.java:234)
at java.base/java.util.stream.ReferencePipeline.findFirst(ReferencePipeline.java:543)
at org.openqa.selenium.remote.ProtocolHandshake.createSession(ProtocolHandshake.java:128)
at org.openqa.selenium.remote.ProtocolHandshake.createSession(ProtocolHandshake.java:74)
at org.openqa.selenium.remote.HttpCommandExecutor.execute(HttpCommandExecutor.java:136)
at org.openqa.selenium.remote.service.DriverCommandExecutor.execute(DriverCommandExecutor.java:83)
at org.openqa.selenium.remote.RemoteWebDriver.execute(RemoteWebDriver.java:552)
at org.openqa.selenium.remote.RemoteWebDriver.startSession(RemoteWebDriver.java:213)
at org.openqa.selenium.remote.RemoteWebDriver.<init>(RemoteWebDriver.java:131)
at org.openqa.selenium.chrome.ChromeDriver.<init>(ChromeDriver.java:181)
at org.openqa.selenium.chrome.ChromeDriver.<init>(ChromeDriver.java:168)
at org.openqa.selenium.chrome.ChromeDriver.<init>(ChromeDriver.java:123)
at org.amazon.tests.Browser.getBrowser(Browser.java:26)
at org.amazon.tests.SearchTest.getInitialize(SearchTest.java:19)
at java.base/jdk.internal.reflect.NativeMethodAccessorImpl.invoke0(Native Method)
at java.base/jdk.internal.reflect.NativeMethodAccessorImpl.invoke(NativeMethodAccessorImpl.java:64)
at java.base/jdk.internal.reflect.DelegatingMethodAccessorImpl.invoke(DelegatingMethodAccessorImpl.java:43)
at java.base/java.lang.reflect.Method.invoke(Method.java:564)
at org.testng.internal.MethodInvocationHelper.invokeMethod(MethodInvocationHelper.java:133)
at org.testng.internal.MethodInvocationHelper.invokeMethodConsideringTimeout(MethodInvocationHelper.java:62)
at org.testng.internal.ConfigInvoker.invokeConfigurationMethod(ConfigInvoker.java:385)
at org.testng.internal.ConfigInvoker.invokeConfigurations(ConfigInvoker.java:321)
at org.testng.TestRunner.invokeTestConfigurations(TestRunner.java:637)
at org.testng.TestRunner.beforeRun(TestRunner.java:627)
at org.testng.TestRunner.run(TestRunner.java:589)
at org.testng.SuiteRunner.runTest(SuiteRunner.java:377)
at org.testng.SuiteRunner.runSequentially(SuiteRunner.java:371)
at org.testng.SuiteRunner.privateRun(SuiteRunner.java:332)
at org.testng.SuiteRunner.run(SuiteRunner.java:276)
at org.testng.SuiteRunnerWorker.runSuite(SuiteRunnerWorker.java:53)
at org.testng.SuiteRunnerWorker.run(SuiteRunnerWorker.java:96)
at org.testng.TestNG.runSuitesSequentially(TestNG.java:1212)
at org.testng.TestNG.runSuitesLocally(TestNG.java:1134)
at org.testng.TestNG.runSuites(TestNG.java:1063)
at org.testng.TestNG.run(TestNG.java:1031)
at org.testng.remote.AbstractRemoteTestNG.run(AbstractRemoteTestNG.java:115)
at org.testng.remote.RemoteTestNG.initAndRun(RemoteTestNG.java:251)
at org.testng.remote.RemoteTestNG.main(RemoteTestNG.java:77)
]]>
            </full-stacktrace>
          </exception> <!-- org.openqa.selenium.SessionNotCreatedException -->
          <reporter-output>
          </reporter-output>
        </test-method> <!-- getInitialize -->
        <test-method signature="pages()[pri:0, instance:org.amazon.tests.SearchTest@121314f7]" started-at="2021-09-06T12:20:15 IST" name="pages" finished-at="2021-09-06T12:20:15 IST" duration-ms="0" status="SKIP">
          <exception class="org.openqa.selenium.SessionNotCreatedException">
            <message>
              <![CDATA[session not created: This version of ChromeDriver only supports Chrome version 91
Current browser version is 93.0.4577.63 with binary path C:\Program Files\Google\Chrome\Application\chrome.exe
Build info: version: '3.141.59', revision: 'e82be7d358', time: '2018-11-14T08:17:03'
System info: host: 'LAPTOP-34I0LF0M', ip: '172.29.96.1', os.name: 'Windows 10', os.arch: 'amd64', os.version: '10.0', java.version: '15.0.2'
Driver info: driver.version: ChromeDriver
remote stacktrace: Backtrace:
Ordinal0 [0x00AE3733+2504499]
Ordinal0 [0x00A7C401+2081793]
Ordinal0 [0x00982628+1058344]
Ordinal0 [0x009A071A+1181466]
Ordinal0 [0x0099C58C+1164684]
Ordinal0 [0x00999DC3+1154499]
Ordinal0 [0x009C9B82+1350530]
Ordinal0 [0x009C97DA+1349594]
Ordinal0 [0x009C5D4B+1334603]
Ordinal0 [0x009A22B4+1188532]
Ordinal0 [0x009A3149+1192265]
GetHandleVerifier [0x00C5FB8C+1512252]
GetHandleVerifier [0x00D0B0DF+2214031]
GetHandleVerifier [0x00B64BC3+484211]
GetHandleVerifier [0x00B63E69+480793]
Ordinal0 [0x00A8218D+2105741]
Ordinal0 [0x00A866E8+2123496]
Ordinal0 [0x00A86827+2123815]
Ordinal0 [0x00A8FB73+2161523]
BaseThreadInitThunk [0x7640FA29+25]
RtlGetAppContainerNamedObjectPath [0x77077A7E+286]
RtlGetAppContainerNamedObjectPath [0x77077A4E+238]
]]>
            </message>
            <full-stacktrace>
              <![CDATA[org.openqa.selenium.SessionNotCreatedException: session not created: This version of ChromeDriver only supports Chrome version 91
Current browser version is 93.0.4577.63 with binary path C:\Program Files\Google\Chrome\Application\chrome.exe
Build info: version: '3.141.59', revision: 'e82be7d358', time: '2018-11-14T08:17:03'
System info: host: 'LAPTOP-34I0LF0M', ip: '172.29.96.1', os.name: 'Windows 10', os.arch: 'amd64', os.version: '10.0', java.version: '15.0.2'
Driver info: driver.version: ChromeDriver
remote stacktrace: Backtrace:
Ordinal0 [0x00AE3733+2504499]
Ordinal0 [0x00A7C401+2081793]
Ordinal0 [0x00982628+1058344]
Ordinal0 [0x009A071A+1181466]
Ordinal0 [0x0099C58C+1164684]
Ordinal0 [0x00999DC3+1154499]
Ordinal0 [0x009C9B82+1350530]
Ordinal0 [0x009C97DA+1349594]
Ordinal0 [0x009C5D4B+1334603]
Ordinal0 [0x009A22B4+1188532]
Ordinal0 [0x009A3149+1192265]
GetHandleVerifier [0x00C5FB8C+1512252]
GetHandleVerifier [0x00D0B0DF+2214031]
GetHandleVerifier [0x00B64BC3+484211]
GetHandleVerifier [0x00B63E69+480793]
Ordinal0 [0x00A8218D+2105741]
Ordinal0 [0x00A866E8+2123496]
Ordinal0 [0x00A86827+2123815]
Ordinal0 [0x00A8FB73+2161523]
BaseThreadInitThunk [0x7640FA29+25]
RtlGetAppContainerNamedObjectPath [0x77077A7E+286]
RtlGetAppContainerNamedObjectPath [0x77077A4E+238]

at java.base/jdk.internal.reflect.NativeConstructorAccessorImpl.newInstance0(Native Method)
at java.base/jdk.internal.reflect.NativeConstructorAccessorImpl.newInstance(NativeConstructorAccessorImpl.java:64)
at java.base/jdk.internal.reflect.DelegatingConstructorAccessorImpl.newInstance(DelegatingConstructorAccessorImpl.java:45)
at java.base/java.lang.reflect.Constructor.newInstanceWithCaller(Constructor.java:500)
at java.base/java.lang.reflect.Constructor.newInstance(Constructor.java:481)
at org.openqa.selenium.remote.W3CHandshakeResponse.lambda$errorHandler$0(W3CHandshakeResponse.java:62)
at org.openqa.selenium.remote.HandshakeResponse.lambda$getResponseFunction$0(HandshakeResponse.java:30)
at org.openqa.selenium.remote.ProtocolHandshake.lambda$createSession$0(ProtocolHandshake.java:126)
at java.base/java.util.stream.ReferencePipeline$3$1.accept(ReferencePipeline.java:195)
at java.base/java.util.Spliterators$ArraySpliterator.tryAdvance(Spliterators.java:958)
at java.base/java.util.stream.ReferencePipeline.forEachWithCancel(ReferencePipeline.java:127)
at java.base/java.util.stream.AbstractPipeline.copyIntoWithCancel(AbstractPipeline.java:502)
at java.base/java.util.stream.AbstractPipeline.copyInto(AbstractPipeline.java:488)
at java.base/java.util.stream.AbstractPipeline.wrapAndCopyInto(AbstractPipeline.java:474)
at java.base/java.util.stream.FindOps$FindOp.evaluateSequential(FindOps.java:150)
at java.base/java.util.stream.AbstractPipeline.evaluate(AbstractPipeline.java:234)
at java.base/java.util.stream.ReferencePipeline.findFirst(ReferencePipeline.java:543)
at org.openqa.selenium.remote.ProtocolHandshake.createSession(ProtocolHandshake.java:128)
at org.openqa.selenium.remote.ProtocolHandshake.createSession(ProtocolHandshake.java:74)
at org.openqa.selenium.remote.HttpCommandExecutor.execute(HttpCommandExecutor.java:136)
at org.openqa.selenium.remote.service.DriverCommandExecutor.execute(DriverCommandExecutor.java:83)
at org.openqa.selenium.remote.RemoteWebDriver.execute(RemoteWebDriver.java:552)
at org.openqa.selenium.remote.RemoteWebDriver.startSession(RemoteWebDriver.java:213)
at org.openqa.selenium.remote.RemoteWebDriver.<init>(RemoteWebDriver.java:131)
at org.openqa.selenium.chrome.ChromeDriver.<init>(ChromeDriver.java:181)
at org.openqa.selenium.chrome.ChromeDriver.<init>(ChromeDriver.java:168)
at org.openqa.selenium.chrome.ChromeDriver.<init>(ChromeDriver.java:123)
at org.amazon.tests.Browser.getBrowser(Browser.java:26)
at org.amazon.tests.SearchTest.getInitialize(SearchTest.java:19)
at java.base/jdk.internal.reflect.NativeMethodAccessorImpl.invoke0(Native Method)
at java.base/jdk.internal.reflect.NativeMethodAccessorImpl.invoke(NativeMethodAccessorImpl.java:64)
at java.base/jdk.internal.reflect.DelegatingMethodAccessorImpl.invoke(DelegatingMethodAccessorImpl.java:43)
at java.base/java.lang.reflect.Method.invoke(Method.java:564)
at org.testng.internal.MethodInvocationHelper.invokeMethod(MethodInvocationHelper.java:133)
at org.testng.internal.MethodInvocationHelper.invokeMethodConsideringTimeout(MethodInvocationHelper.java:62)
at org.testng.internal.ConfigInvoker.invokeConfigurationMethod(ConfigInvoker.java:385)
at org.testng.internal.ConfigInvoker.invokeConfigurations(ConfigInvoker.java:321)
at org.testng.TestRunner.invokeTestConfigurations(TestRunner.java:637)
at org.testng.TestRunner.beforeRun(TestRunner.java:627)
at org.testng.TestRunner.run(TestRunner.java:589)
at org.testng.SuiteRunner.runTest(SuiteRunner.java:377)
at org.testng.SuiteRunner.runSequentially(SuiteRunner.java:371)
at org.testng.SuiteRunner.privateRun(SuiteRunner.java:332)
at org.testng.SuiteRunner.run(SuiteRunner.java:276)
at org.testng.SuiteRunnerWorker.runSuite(SuiteRunnerWorker.java:53)
at org.testng.SuiteRunnerWorker.run(SuiteRunnerWorker.java:96)
at org.testng.TestNG.runSuitesSequentially(TestNG.java:1212)
at org.testng.TestNG.runSuitesLocally(TestNG.java:1134)
at org.testng.TestNG.runSuites(TestNG.java:1063)
at org.testng.TestNG.run(TestNG.java:1031)
at org.testng.remote.AbstractRemoteTestNG.run(AbstractRemoteTestNG.java:115)
at org.testng.remote.RemoteTestNG.initAndRun(RemoteTestNG.java:251)
at org.testng.remote.RemoteTestNG.main(RemoteTestNG.java:77)
]]>
            </full-stacktrace>
          </exception> <!-- org.openqa.selenium.SessionNotCreatedException -->
          <reporter-output>
          </reporter-output>
        </test-method> <!-- pages -->
        <test-method is-config="true" signature="tearDown1()[pri:0, instance:org.amazon.tests.SearchTest@121314f7]" started-at="2021-09-06T12:20:15 IST" name="tearDown1" finished-at="1970-01-01T05:30:00 IST" duration-ms="-1630911015798" status="SKIP">
          <reporter-output>
          </reporter-output>
        </test-method> <!-- tearDown1 -->
      </class> <!-- org.amazon.tests.SearchTest -->
    </test> <!-- Default test -->
  </suite> <!-- Default suite -->
</testng-results>
